<?xml version="1.0" encoding="UTF-8"?>
<!-- Generated by org.testng.reporters.JUnitReportReporter -->
<testsuite skipped="0" hostname="DESKTOP-L1BUKGG" name="com.nopcommerce.testCases.TC_LoginTest_001" tests="1" failures="0" timestamp="16 Sep 2019 04:46:51 GMT" time="8.796" errors="0">
  <testcase name="loginTest" time="8.796" classname="com.nopcommerce.testCases.TC_LoginTest_001"/>
</testsuite> <!-- com.nopcommerce.testCases.TC_LoginTest_001 -->
